<?xml version="1.0" encoding="UTF-8"?>
<testsuites name="Smoke Test Suite For Technossus Mobile App" time="323.71" tests="4" failures="1" errors="0">
   <testsuite name="Smoke Test Suite For Technossus Mobile App" tests="4" failures="1" errors="0" time="323.71" skipped="0" timestamp="29-01-2025T18:04:06" hostname="NeerajSharma(QA) - DESKTOP-EDC479L" id="Test Suites/Smoke Test Suite For Technossus Mobile App">
      <properties>
         <property name="deviceName" value="emulator-5554 (Android SDK built for x86_64 - Android 11)"/>
         <property name="devicePlatform" value="Android"/>
         <property name="logFolder" value="C:\\Users\\neeraj.sharma2\\Katalon Studio\\Mobile\\Reports\\20250129_180346\\Smoke Test Suite For Technossus Mobile App\\20250129_180346"/>
         <property name="logFiles" value="C:\\Users\\neeraj.sharma2\\Katalon Studio\\Mobile\\Reports\\20250129_180346\\Smoke Test Suite For Technossus Mobile App\\20250129_180346\\appium.log, C:\\Users\\neeraj.sharma2\\Katalon Studio\\Mobile\\Reports\\20250129_180346\\Smoke Test Suite For Technossus Mobile App\\20250129_180346\\appium_error.log, C:\\Users\\neeraj.sharma2\\Katalon Studio\\Mobile\\Reports\\20250129_180346\\Smoke Test Suite For Technossus Mobile App\\20250129_180346\\execution0.log"/>
         <property name="attachments" value="C:\\Users\\neeraj.sharma2\\Katalon Studio\\Mobile\\Reports\\20250129_180346\\Smoke Test Suite For Technossus Mobile App\\20250129_180346\\1738154199194.png, C:\\Users\\neeraj.sharma2\\Katalon Studio\\Mobile\\Reports\\20250129_180346\\Smoke Test Suite For Technossus Mobile App\\20250129_180346\\1738154200178.png, C:\\Users\\neeraj.sharma2\\Katalon Studio\\Mobile\\Reports\\20250129_180346\\Smoke Test Suite For Technossus Mobile App\\20250129_180346\\1738154239303.png, C:\\Users\\neeraj.sharma2\\Katalon Studio\\Mobile\\Reports\\20250129_180346\\Smoke Test Suite For Technossus Mobile App\\20250129_180346\\1738154240185.png, C:\\Users\\neeraj.sharma2\\Katalon Studio\\Mobile\\Reports\\20250129_180346\\Smoke Test Suite For Technossus Mobile App\\20250129_180346\\1738154282247.png, C:\\Users\\neeraj.sharma2\\Katalon Studio\\Mobile\\Reports\\20250129_180346\\Smoke Test Suite For Technossus Mobile App\\20250129_180346\\1738154283154.png, C:\\Users\\neeraj.sharma2\\Katalon Studio\\Mobile\\Reports\\20250129_180346\\Smoke Test Suite For Technossus Mobile App\\20250129_180346\\1738154324822.png, C:\\Users\\neeraj.sharma2\\Katalon Studio\\Mobile\\Reports\\20250129_180346\\Smoke Test Suite For Technossus Mobile App\\20250129_180346\\1738154325586.png"/>
         <property name="hostName" value="NeerajSharma(QA) - DESKTOP-EDC479L"/>
         <property name="os" value="Windows 11 64bit"/>
         <property name="appiumServerStatus" value="{&quot;value&quot;:{&quot;ready&quot;:true,&quot;message&quot;:&quot;The server is ready to accept new connections&quot;,&quot;build&quot;:{&quot;version&quot;:&quot;2.15.0&quot;}}}"/>
         <property name="katalonVersion" value="10.1.0.223"/>
         <property name="deviceOS" value="Android"/>
         <property name="appiumVersion" value="2.15.0"/>
         <property name="deviceModel" value="Android SDK built for x86_64"/>
         <property name="hostAddress" value="192.168.1.3"/>
         <property name="deviceManufacturer" value="unknown"/>
         <property name="deviceId" value="emulator-5554"/>
         <property name="deviceName" value="emulator-5554 (Android SDK built for x86_64 - Android 11)"/>
         <property name="deviceOSVersion" value="11"/>
      </properties>
      <testcase name="Test Cases/Verify the Login Funtionality" time="49.444" classname="Test Cases/Verify the Login Funtionality" status="PASSED">
         <system-out><![CDATA[29-01-2025T18:04:06 - [TEST_CASE][PASSED] - Test Cases/Verify the Login Funtionality: Test Cases/Verify the Login Funtionality

29-01-2025T18:04:07 - [TEST_STEP][PASSED] - startApplication("D:\Downloads\app-debug_v23_NFW.apk", true): Started application: 'D:\Downloads\app-debug_v23_NFW.apk'

29-01-2025T18:04:07 - [MESSAGE][INFO] - Starting application: 'D:\Downloads\app-debug_v23_NFW.apk'

29-01-2025T18:04:07 - [MESSAGE][INFO] - Detected NodeJS location: "C:\Program Files\nodejs\node.exe"

29-01-2025T18:04:18 - [MESSAGE][INFO] - PATH: C:\Program Files\nodejs;

29-01-2025T18:04:18 - [MESSAGE][INFO] - APPIUM_HOME: C:\Users\neeraj.sharma2\.appium

29-01-2025T18:04:18 - [MESSAGE][INFO] - appium outlog: C:\Users\neeraj.sharma2\Katalon Studio\Mobile\Reports\20250129_180346\Smoke Test Suite For Technossus Mobile App\20250129_180346\appium.log

29-01-2025T18:04:18 - [MESSAGE][INFO] - appium errlog: C:\Users\neeraj.sharma2\Katalon Studio\Mobile\Reports\20250129_180346\Smoke Test Suite For Technossus Mobile App\20250129_180346\appium_error.log

29-01-2025T18:04:22 - [MESSAGE][INFO] - Appium server started on port 54,867

29-01-2025T18:04:36 - [MESSAGE][PASSED] - Started application: 'D:\Downloads\app-debug_v23_NFW.apk'

29-01-2025T18:04:36 - [TEST_STEP][PASSED] - tap(findTestObject("Object Repository/New Folder/android.widget.EditText"), 0): Tapped on element 'Object Repository/New Folder/android.widget.EditText'

29-01-2025T18:04:37 - [MESSAGE][WARNING] - Timeout '0' is invalid. Using default page load timeout: '30'

29-01-2025T18:04:46 - [MESSAGE][PASSED] - Tapped on element 'Object Repository/New Folder/android.widget.EditText'

29-01-2025T18:04:46 - [TEST_STEP][PASSED] - sendKeys(findTestObject("Object Repository/New Folder/android.widget.EditText"), "neeraj.sharma2@technossus.com"): Send keys 'neeraj.sharma2@technossus.com' on test object 'Object Repository/New Folder/android.widget.EditText' successfully.

29-01-2025T18:04:48 - [MESSAGE][PASSED] - Send keys 'neeraj.sharma2@technossus.com' on test object 'Object Repository/New Folder/android.widget.EditText' successfully.

29-01-2025T18:04:48 - [TEST_STEP][PASSED] - tap(findTestObject("Object Repository/New Folder (1)/android.widget.Button - Next"), 0): Tapped on element 'Object Repository/New Folder (1)/android.widget.Button - Next'

29-01-2025T18:04:48 - [MESSAGE][WARNING] - Timeout '0' is invalid. Using default page load timeout: '30'

29-01-2025T18:04:49 - [MESSAGE][PASSED] - Tapped on element 'Object Repository/New Folder (1)/android.widget.Button - Next'

29-01-2025T18:04:49 - [TEST_STEP][PASSED] - sendKeys(findTestObject("Object Repository/New Folder (1)/android.widget.EditText - Password"), "Jaky@1471"): Send keys 'Jaky@1471' on test object 'Object Repository/New Folder (1)/android.widget.EditText - Password' successfully.

29-01-2025T18:04:52 - [MESSAGE][PASSED] - Send keys 'Jaky@1471' on test object 'Object Repository/New Folder (1)/android.widget.EditText - Password' successfully.

29-01-2025T18:04:52 - [TEST_STEP][PASSED] - tap(findTestObject("Object Repository/New Folder (1)/android.widget.Button - Sign in"), 0): Tapped on element 'Object Repository/New Folder (1)/android.widget.Button - Sign in'

29-01-2025T18:04:52 - [MESSAGE][WARNING] - Timeout '0' is invalid. Using default page load timeout: '30'

29-01-2025T18:04:52 - [MESSAGE][PASSED] - Tapped on element 'Object Repository/New Folder (1)/android.widget.Button - Sign in'

29-01-2025T18:04:52 - [TEST_STEP][PASSED] - closeApplication(): Close app successfully

29-01-2025T18:04:56 - [MESSAGE][PASSED] - Close app successfully]]></system-out>
         <system-err><![CDATA[]]></system-err>
      </testcase>
      <testcase name="Test Cases/Verify Element Text on Reason Page" time="50.728" classname="Test Cases/Verify Element Text on Reason Page" status="PASSED">
         <system-out><![CDATA[29-01-2025T18:04:56 - [TEST_CASE][PASSED] - Test Cases/Verify Element Text on Reason Page: Test Cases/Verify Element Text on Reason Page

29-01-2025T18:04:56 - [TEST_STEP][PASSED] - startApplication("D:\Downloads\app-debug_v23_NFW.apk", true): Started application: 'D:\Downloads\app-debug_v23_NFW.apk'

29-01-2025T18:04:56 - [MESSAGE][INFO] - Starting application: 'D:\Downloads\app-debug_v23_NFW.apk'

29-01-2025T18:04:56 - [MESSAGE][INFO] - Detected NodeJS location: "C:\Program Files\nodejs\node.exe"

29-01-2025T18:05:02 - [MESSAGE][INFO] - PATH: C:\Program Files\nodejs;

29-01-2025T18:05:02 - [MESSAGE][INFO] - APPIUM_HOME: C:\Users\neeraj.sharma2\.appium

29-01-2025T18:05:02 - [MESSAGE][INFO] - appium outlog: C:\Users\neeraj.sharma2\Katalon Studio\Mobile\Reports\20250129_180346\Smoke Test Suite For Technossus Mobile App\20250129_180346\appium.log

29-01-2025T18:05:02 - [MESSAGE][INFO] - appium errlog: C:\Users\neeraj.sharma2\Katalon Studio\Mobile\Reports\20250129_180346\Smoke Test Suite For Technossus Mobile App\20250129_180346\appium_error.log

29-01-2025T18:05:06 - [MESSAGE][INFO] - Appium server started on port 55,113

29-01-2025T18:05:17 - [MESSAGE][PASSED] - Started application: 'D:\Downloads\app-debug_v23_NFW.apk'

29-01-2025T18:05:17 - [TEST_STEP][PASSED] - tap(findTestObject("Object Repository/New Folder/android.widget.EditText"), 0): Tapped on element 'Object Repository/New Folder/android.widget.EditText'

29-01-2025T18:05:17 - [MESSAGE][WARNING] - Timeout '0' is invalid. Using default page load timeout: '30'

29-01-2025T18:05:28 - [MESSAGE][PASSED] - Tapped on element 'Object Repository/New Folder/android.widget.EditText'

29-01-2025T18:05:28 - [TEST_STEP][PASSED] - sendKeys(findTestObject("Object Repository/New Folder/android.widget.EditText"), "neeraj.sharma2@technossus.com"): Send keys 'neeraj.sharma2@technossus.com' on test object 'Object Repository/New Folder/android.widget.EditText' successfully.

29-01-2025T18:05:30 - [MESSAGE][PASSED] - Send keys 'neeraj.sharma2@technossus.com' on test object 'Object Repository/New Folder/android.widget.EditText' successfully.

29-01-2025T18:05:30 - [TEST_STEP][PASSED] - tap(findTestObject("Object Repository/New Folder (1)/android.widget.Button - Next"), 0): Tapped on element 'Object Repository/New Folder (1)/android.widget.Button - Next'

29-01-2025T18:05:30 - [MESSAGE][WARNING] - Timeout '0' is invalid. Using default page load timeout: '30'

29-01-2025T18:05:31 - [MESSAGE][PASSED] - Tapped on element 'Object Repository/New Folder (1)/android.widget.Button - Next'

29-01-2025T18:05:31 - [TEST_STEP][PASSED] - sendKeys(findTestObject("Object Repository/New Folder (1)/android.widget.EditText - Password"), "Jaky@1471"): Send keys 'Jaky@1471' on test object 'Object Repository/New Folder (1)/android.widget.EditText - Password' successfully.

29-01-2025T18:05:34 - [MESSAGE][PASSED] - Send keys 'Jaky@1471' on test object 'Object Repository/New Folder (1)/android.widget.EditText - Password' successfully.

29-01-2025T18:05:34 - [TEST_STEP][PASSED] - tap(findTestObject("Object Repository/New Folder (1)/android.widget.Button - Sign in"), 0): Tapped on element 'Object Repository/New Folder (1)/android.widget.Button - Sign in'

29-01-2025T18:05:34 - [MESSAGE][WARNING] - Timeout '0' is invalid. Using default page load timeout: '30'

29-01-2025T18:05:35 - [MESSAGE][PASSED] - Tapped on element 'Object Repository/New Folder (1)/android.widget.Button - Sign in'

29-01-2025T18:05:35 - [TEST_STEP][PASSED] - verifyElementText(findTestObject("Object Repository/android.view.View - Declaration"), "Declaration"): Actual text and expected text of test object 'Object Repository/android.view.View - Declaration' are matched.

29-01-2025T18:05:44 - [MESSAGE][PASSED] - Actual text and expected text of test object 'Object Repository/android.view.View - Declaration' are matched.

29-01-2025T18:05:44 - [TEST_STEP][PASSED] - verifyElementText(findTestObject("Object Repository/android.view.View - Reason for Processing"), "Reason for Processing"): Actual text and expected text of test object 'Object Repository/android.view.View - Reason for Processing' are matched.

29-01-2025T18:05:44 - [MESSAGE][PASSED] - Actual text and expected text of test object 'Object Repository/android.view.View - Reason for Processing' are matched.

29-01-2025T18:05:44 - [TEST_STEP][PASSED] - closeApplication(): Close app successfully

29-01-2025T18:05:47 - [MESSAGE][PASSED] - Close app successfully]]></system-out>
         <system-err><![CDATA[]]></system-err>
      </testcase>
      <testcase name="Test Cases/Verify the Additional infromation" time="42.449" classname="Test Cases/Verify the Additional infromation" status="FAILED">
         <failure type="FAILED" message="Test Cases/Verify the Additional infromation FAILED.&#xa;Reason:&#xa;com.kms.katalon.core.exception.StepFailedException: Verify element text of test object 'Object Repository/android.view.View - Reason for Processing' FAILED.&#xa;	at com.kms.katalon.core.mobile.keyword.internal.MobileKeywordMain.stepFailed(MobileKeywordMain.groovy:64)&#xa;	at com.kms.katalon.core.mobile.keyword.internal.MobileKeywordMain.runKeyword(MobileKeywordMain.groovy:34)&#xa;	at com.kms.katalon.core.mobile.keyword.builtin.VerifyElementTextKeyword.verifyElementText(VerifyElementTextKeyword.groovy:61)&#xa;	at com.kms.katalon.core.mobile.keyword.builtin.VerifyElementTextKeyword.execute(VerifyElementTextKeyword.groovy:38)&#xa;	at com.kms.katalon.core.keyword.internal.KeywordExecutor.executeKeywordForPlatform(KeywordExecutor.groovy:74)&#xa;	at com.kms.katalon.core.mobile.keyword.MobileBuiltInKeywords.verifyElementText(MobileBuiltInKeywords.groovy:2872)&#xa;	at Verify the Additional infromation.run(Verify the Additional infromation:34)&#xa;	at com.kms.katalon.core.main.ScriptEngine.run(ScriptEngine.java:194)&#xa;	at com.kms.katalon.core.main.ScriptEngine.runScriptAsRawText(ScriptEngine.java:119)&#xa;	at com.kms.katalon.core.main.TestCaseExecutor.runScript(TestCaseExecutor.java:448)&#xa;	at com.kms.katalon.core.main.TestCaseExecutor.doExecute(TestCaseExecutor.java:439)&#xa;	at com.kms.katalon.core.main.TestCaseExecutor.processExecutionPhase(TestCaseExecutor.java:418)&#xa;	at com.kms.katalon.core.main.TestCaseExecutor.accessMainPhase(TestCaseExecutor.java:410)&#xa;	at com.kms.katalon.core.main.TestCaseExecutor.execute(TestCaseExecutor.java:285)&#xa;	at com.kms.katalon.core.main.TestCaseExecutor.execute(TestCaseExecutor.java:369)&#xa;	at com.kms.katalon.core.main.TestCaseExecutor.execute(TestCaseExecutor.java:369)&#xa;	at com.kms.katalon.core.main.TestCaseExecutor.execute(TestCaseExecutor.java:369)&#xa;	at com.kms.katalon.core.common.CommonExecutor.accessTestCaseMainPhase(CommonExecutor.java:71)&#xa;	at com.kms.katalon.core.main.TestSuiteExecutor.accessTestSuiteMainPhase(TestSuiteExecutor.java:160)&#xa;	at com.kms.katalon.core.main.TestSuiteExecutor.execute(TestSuiteExecutor.java:107)&#xa;	at com.kms.katalon.core.main.TestCaseMain.startTestSuite(TestCaseMain.java:180)&#xa;	at TempTestSuite1738154026286.run(TempTestSuite1738154026286.groovy:35)&#xa;	at java.base/jdk.internal.reflect.NativeMethodAccessorImpl.invoke0(Native Method)&#xa;	at java.base/jdk.internal.reflect.NativeMethodAccessorImpl.invoke(NativeMethodAccessorImpl.java:77)&#xa;	at java.base/jdk.internal.reflect.DelegatingMethodAccessorImpl.invoke(DelegatingMethodAccessorImpl.java:43)&#xa;Caused by: com.kms.katalon.core.exception.StepFailedException: Actual text 'Reason for Processing' and expected text '' of test object 'Object Repository/android.view.View - Reason for Processing' are NOT matched.&#xa;	at com.kms.katalon.core.mobile.keyword.internal.MobileKeywordMain.stepFailed(MobileKeywordMain.groovy:64)&#xa;	at com.kms.katalon.core.mobile.keyword.builtin.VerifyElementTextKeyword$_verifyElementText_closure1.doCall(VerifyElementTextKeyword.groovy:55)&#xa;	at com.kms.katalon.core.mobile.keyword.builtin.VerifyElementTextKeyword$_verifyElementText_closure1.call(VerifyElementTextKeyword.groovy)&#xa;	at com.kms.katalon.core.mobile.keyword.internal.MobileKeywordMain.runKeyword(MobileKeywordMain.groovy:30)&#xa;	... 23 more&#xa;"/>
         <system-out><![CDATA[29-01-2025T18:08:03 - [TEST_CASE][FAILED] - Test Cases/Verify the Additional infromation: Test Cases/Verify the Additional infromation FAILED.
Reason:
com.kms.katalon.core.exception.StepFailedException: Verify element text of test object 'Object Repository/android.view.View - Reason for Processing' FAILED.
	at com.kms.katalon.core.mobile.keyword.internal.MobileKeywordMain.stepFailed(MobileKeywordMain.groovy:64)
	at com.kms.katalon.core.mobile.keyword.internal.MobileKeywordMain.runKeyword(MobileKeywordMain.groovy:34)
	at com.kms.katalon.core.mobile.keyword.builtin.VerifyElementTextKeyword.verifyElementText(VerifyElementTextKeyword.groovy:61)
	at com.kms.katalon.core.mobile.keyword.builtin.VerifyElementTextKeyword.execute(VerifyElementTextKeyword.groovy:38)
	at com.kms.katalon.core.keyword.internal.KeywordExecutor.executeKeywordForPlatform(KeywordExecutor.groovy:74)
	at com.kms.katalon.core.mobile.keyword.MobileBuiltInKeywords.verifyElementText(MobileBuiltInKeywords.groovy:2872)
	at Verify the Additional infromation.run(Verify the Additional infromation:34)
	at com.kms.katalon.core.main.ScriptEngine.run(ScriptEngine.java:194)
	at com.kms.katalon.core.main.ScriptEngine.runScriptAsRawText(ScriptEngine.java:119)
	at com.kms.katalon.core.main.TestCaseExecutor.runScript(TestCaseExecutor.java:448)
	at com.kms.katalon.core.main.TestCaseExecutor.doExecute(TestCaseExecutor.java:439)
	at com.kms.katalon.core.main.TestCaseExecutor.processExecutionPhase(TestCaseExecutor.java:418)
	at com.kms.katalon.core.main.TestCaseExecutor.accessMainPhase(TestCaseExecutor.java:410)
	at com.kms.katalon.core.main.TestCaseExecutor.execute(TestCaseExecutor.java:285)
	at com.kms.katalon.core.main.TestCaseExecutor.execute(TestCaseExecutor.java:369)
	at com.kms.katalon.core.main.TestCaseExecutor.execute(TestCaseExecutor.java:369)
	at com.kms.katalon.core.main.TestCaseExecutor.execute(TestCaseExecutor.java:369)
	at com.kms.katalon.core.common.CommonExecutor.accessTestCaseMainPhase(CommonExecutor.java:71)
	at com.kms.katalon.core.main.TestSuiteExecutor.accessTestSuiteMainPhase(TestSuiteExecutor.java:160)
	at com.kms.katalon.core.main.TestSuiteExecutor.execute(TestSuiteExecutor.java:107)
	at com.kms.katalon.core.main.TestCaseMain.startTestSuite(TestCaseMain.java:180)
	at TempTestSuite1738154026286.run(TempTestSuite1738154026286.groovy:35)
	at java.base/jdk.internal.reflect.NativeMethodAccessorImpl.invoke0(Native Method)
	at java.base/jdk.internal.reflect.NativeMethodAccessorImpl.invoke(NativeMethodAccessorImpl.java:77)
	at java.base/jdk.internal.reflect.DelegatingMethodAccessorImpl.invoke(DelegatingMethodAccessorImpl.java:43)
Caused by: com.kms.katalon.core.exception.StepFailedException: Actual text 'Reason for Processing' and expected text '' of test object 'Object Repository/android.view.View - Reason for Processing' are NOT matched.
	at com.kms.katalon.core.mobile.keyword.internal.MobileKeywordMain.stepFailed(MobileKeywordMain.groovy:64)
	at com.kms.katalon.core.mobile.keyword.builtin.VerifyElementTextKeyword$_verifyElementText_closure1.doCall(VerifyElementTextKeyword.groovy:55)
	at com.kms.katalon.core.mobile.keyword.builtin.VerifyElementTextKeyword$_verifyElementText_closure1.call(VerifyElementTextKeyword.groovy)
	at com.kms.katalon.core.mobile.keyword.internal.MobileKeywordMain.runKeyword(MobileKeywordMain.groovy:30)
	... 23 more


29-01-2025T18:08:03 - [TEST_STEP][PASSED] - startApplication("D:\Downloads\app-debug_v23_NFW.apk", true): Started application: 'D:\Downloads\app-debug_v23_NFW.apk'

29-01-2025T18:08:03 - [MESSAGE][INFO] - Starting application: 'D:\Downloads\app-debug_v23_NFW.apk'

29-01-2025T18:08:16 - [MESSAGE][PASSED] - Started application: 'D:\Downloads\app-debug_v23_NFW.apk'

29-01-2025T18:08:16 - [TEST_STEP][PASSED] - tap(findTestObject("Object Repository/New Folder/android.widget.EditText"), 0): Tapped on element 'Object Repository/New Folder/android.widget.EditText'

29-01-2025T18:08:16 - [MESSAGE][WARNING] - Timeout '0' is invalid. Using default page load timeout: '30'

29-01-2025T18:08:29 - [MESSAGE][PASSED] - Tapped on element 'Object Repository/New Folder/android.widget.EditText'

29-01-2025T18:08:29 - [TEST_STEP][PASSED] - sendKeys(findTestObject("Object Repository/New Folder/android.widget.EditText"), "neeraj.sharma2@technossus.com"): Send keys 'neeraj.sharma2@technossus.com' on test object 'Object Repository/New Folder/android.widget.EditText' successfully.

29-01-2025T18:08:31 - [MESSAGE][PASSED] - Send keys 'neeraj.sharma2@technossus.com' on test object 'Object Repository/New Folder/android.widget.EditText' successfully.

29-01-2025T18:08:31 - [TEST_STEP][PASSED] - tap(findTestObject("Object Repository/New Folder (1)/android.widget.Button - Next"), 0): Tapped on element 'Object Repository/New Folder (1)/android.widget.Button - Next'

29-01-2025T18:08:31 - [MESSAGE][WARNING] - Timeout '0' is invalid. Using default page load timeout: '30'

29-01-2025T18:08:31 - [MESSAGE][PASSED] - Tapped on element 'Object Repository/New Folder (1)/android.widget.Button - Next'

29-01-2025T18:08:31 - [TEST_STEP][PASSED] - sendKeys(findTestObject("Object Repository/New Folder (1)/android.widget.EditText - Password"), "Jaky@1471"): Send keys 'Jaky@1471' on test object 'Object Repository/New Folder (1)/android.widget.EditText - Password' successfully.

29-01-2025T18:08:35 - [MESSAGE][PASSED] - Send keys 'Jaky@1471' on test object 'Object Repository/New Folder (1)/android.widget.EditText - Password' successfully.

29-01-2025T18:08:35 - [TEST_STEP][PASSED] - tap(findTestObject("Object Repository/New Folder (1)/android.widget.Button - Sign in"), 0): Tapped on element 'Object Repository/New Folder (1)/android.widget.Button - Sign in'

29-01-2025T18:08:35 - [MESSAGE][WARNING] - Timeout '0' is invalid. Using default page load timeout: '30'

29-01-2025T18:08:36 - [MESSAGE][PASSED] - Tapped on element 'Object Repository/New Folder (1)/android.widget.Button - Sign in'

29-01-2025T18:08:36 - [TEST_STEP][PASSED] - verifyElementText(findTestObject("Object Repository/android.view.View - Declaration"), "Declaration"): Actual text and expected text of test object 'Object Repository/android.view.View - Declaration' are matched.

29-01-2025T18:08:44 - [MESSAGE][PASSED] - Actual text and expected text of test object 'Object Repository/android.view.View - Declaration' are matched.

29-01-2025T18:08:44 - [TEST_STEP][FAILED] - verifyElementText(findTestObject("Object Repository/android.view.View - Reason for Processing"), ""): Verify element text of test object 'Object Repository/android.view.View - Reason for Processing' FAILED. (Root cause: com.kms.katalon.core.exception.StepFailedException: Verify element text of test object 'Object Repository/android.view.View - Reason for Processing' FAILED.
	at com.kms.katalon.core.mobile.keyword.internal.MobileKeywordMain.stepFailed(MobileKeywordMain.groovy:64)
	at com.kms.katalon.core.mobile.keyword.internal.MobileKeywordMain.runKeyword(MobileKeywordMain.groovy:34)
	at com.kms.katalon.core.mobile.keyword.builtin.VerifyElementTextKeyword.verifyElementText(VerifyElementTextKeyword.groovy:61)
	at com.kms.katalon.core.mobile.keyword.builtin.VerifyElementTextKeyword.execute(VerifyElementTextKeyword.groovy:38)
	at com.kms.katalon.core.keyword.internal.KeywordExecutor.executeKeywordForPlatform(KeywordExecutor.groovy:74)
	at com.kms.katalon.core.mobile.keyword.MobileBuiltInKeywords.verifyElementText(MobileBuiltInKeywords.groovy:2872)
	at Verify the Additional infromation.run(Verify the Additional infromation:34)
	at com.kms.katalon.core.main.ScriptEngine.run(ScriptEngine.java:194)
	at com.kms.katalon.core.main.ScriptEngine.runScriptAsRawText(ScriptEngine.java:119)
	at com.kms.katalon.core.main.TestCaseExecutor.runScript(TestCaseExecutor.java:448)
	at com.kms.katalon.core.main.TestCaseExecutor.doExecute(TestCaseExecutor.java:439)
	at com.kms.katalon.core.main.TestCaseExecutor.processExecutionPhase(TestCaseExecutor.java:418)
	at com.kms.katalon.core.main.TestCaseExecutor.accessMainPhase(TestCaseExecutor.java:410)
	at com.kms.katalon.core.main.TestCaseExecutor.execute(TestCaseExecutor.java:285)
	at com.kms.katalon.core.main.TestCaseExecutor.execute(TestCaseExecutor.java:369)
	at com.kms.katalon.core.main.TestCaseExecutor.execute(TestCaseExecutor.java:369)
	at com.kms.katalon.core.main.TestCaseExecutor.execute(TestCaseExecutor.java:369)
	at com.kms.katalon.core.common.CommonExecutor.accessTestCaseMainPhase(CommonExecutor.java:71)
	at com.kms.katalon.core.main.TestSuiteExecutor.accessTestSuiteMainPhase(TestSuiteExecutor.java:160)
	at com.kms.katalon.core.main.TestSuiteExecutor.execute(TestSuiteExecutor.java:107)
	at com.kms.katalon.core.main.TestCaseMain.startTestSuite(TestCaseMain.java:180)
	at TempTestSuite1738154026286.run(TempTestSuite1738154026286.groovy:35)
	at java.base/jdk.internal.reflect.NativeMethodAccessorImpl.invoke0(Native Method)
	at java.base/jdk.internal.reflect.NativeMethodAccessorImpl.invoke(NativeMethodAccessorImpl.java:77)
	at java.base/jdk.internal.reflect.DelegatingMethodAccessorImpl.invoke(DelegatingMethodAccessorImpl.java:43)
Caused by: com.kms.katalon.core.exception.StepFailedException: Actual text 'Reason for Processing' and expected text '' of test object 'Object Repository/android.view.View - Reason for Processing' are NOT matched.
	at com.kms.katalon.core.mobile.keyword.internal.MobileKeywordMain.stepFailed(MobileKeywordMain.groovy:64)
	at com.kms.katalon.core.mobile.keyword.builtin.VerifyElementTextKeyword$_verifyElementText_closure1.doCall(VerifyElementTextKeyword.groovy:55)
	at com.kms.katalon.core.mobile.keyword.builtin.VerifyElementTextKeyword$_verifyElementText_closure1.call(VerifyElementTextKeyword.groovy)
	at com.kms.katalon.core.mobile.keyword.internal.MobileKeywordMain.runKeyword(MobileKeywordMain.groovy:30)
	... 23 more
)

29-01-2025T18:08:45 - [MESSAGE][FAILED] - Actual text 'Reason for Processing' and expected text '' of test object 'Object Repository/android.view.View - Reason for Processing' are NOT matched. (Root cause: com.kms.katalon.core.exception.StepFailedException: Actual text 'Reason for Processing' and expected text '' of test object 'Object Repository/android.view.View - Reason for Processing' are NOT matched.
	at com.kms.katalon.core.mobile.keyword.internal.MobileKeywordMain.stepFailed(MobileKeywordMain.groovy:64)
	at com.kms.katalon.core.mobile.keyword.builtin.VerifyElementTextKeyword$_verifyElementText_closure1.doCall(VerifyElementTextKeyword.groovy:55)
	at com.kms.katalon.core.mobile.keyword.builtin.VerifyElementTextKeyword$_verifyElementText_closure1.call(VerifyElementTextKeyword.groovy)
	at com.kms.katalon.core.mobile.keyword.internal.MobileKeywordMain.runKeyword(MobileKeywordMain.groovy:30)
	at com.kms.katalon.core.mobile.keyword.builtin.VerifyElementTextKeyword.verifyElementText(VerifyElementTextKeyword.groovy:61)
	at com.kms.katalon.core.mobile.keyword.builtin.VerifyElementTextKeyword.execute(VerifyElementTextKeyword.groovy:38)
	at com.kms.katalon.core.keyword.internal.KeywordExecutor.executeKeywordForPlatform(KeywordExecutor.groovy:74)
	at com.kms.katalon.core.mobile.keyword.MobileBuiltInKeywords.verifyElementText(MobileBuiltInKeywords.groovy:2872)
	at Verify the Additional infromation.run(Verify the Additional infromation:34)
	at com.kms.katalon.core.main.ScriptEngine.run(ScriptEngine.java:194)
	at com.kms.katalon.core.main.ScriptEngine.runScriptAsRawText(ScriptEngine.java:119)
	at com.kms.katalon.core.main.TestCaseExecutor.runScript(TestCaseExecutor.java:448)
	at com.kms.katalon.core.main.TestCaseExecutor.doExecute(TestCaseExecutor.java:439)
	at com.kms.katalon.core.main.TestCaseExecutor.processExecutionPhase(TestCaseExecutor.java:418)
	at com.kms.katalon.core.main.TestCaseExecutor.accessMainPhase(TestCaseExecutor.java:410)
	at com.kms.katalon.core.main.TestCaseExecutor.execute(TestCaseExecutor.java:285)
	at com.kms.katalon.core.main.TestCaseExecutor.execute(TestCaseExecutor.java:369)
	at com.kms.katalon.core.main.TestCaseExecutor.execute(TestCaseExecutor.java:369)
	at com.kms.katalon.core.main.TestCaseExecutor.execute(TestCaseExecutor.java:369)
	at com.kms.katalon.core.common.CommonExecutor.accessTestCaseMainPhase(CommonExecutor.java:71)
	at com.kms.katalon.core.main.TestSuiteExecutor.accessTestSuiteMainPhase(TestSuiteExecutor.java:160)
	at com.kms.katalon.core.main.TestSuiteExecutor.execute(TestSuiteExecutor.java:107)
	at com.kms.katalon.core.main.TestCaseMain.startTestSuite(TestCaseMain.java:180)
	at TempTestSuite1738154026286.run(TempTestSuite1738154026286.groovy:35)
	at java.base/jdk.internal.reflect.NativeMethodAccessorImpl.invoke0(Native Method)
	at java.base/jdk.internal.reflect.NativeMethodAccessorImpl.invoke(NativeMethodAccessorImpl.java:77)
	at java.base/jdk.internal.reflect.DelegatingMethodAccessorImpl.invoke(DelegatingMethodAccessorImpl.java:43)
)
[[ATTACHMENT|C:\\Users\\neeraj.sharma2\\Katalon Studio\\Mobile\\Reports\\20250129_180346\\Smoke Test Suite For Technossus Mobile App\\20250129_180346\\1738154324822.png]]

29-01-2025T18:08:46 - [MESSAGE][FAILED] - Verify element text of test object 'Object Repository/android.view.View - Reason for Processing' FAILED. (Root cause: com.kms.katalon.core.exception.StepFailedException: Verify element text of test object 'Object Repository/android.view.View - Reason for Processing' FAILED.
	at com.kms.katalon.core.mobile.keyword.internal.MobileKeywordMain.stepFailed(MobileKeywordMain.groovy:64)
	at com.kms.katalon.core.mobile.keyword.internal.MobileKeywordMain.runKeyword(MobileKeywordMain.groovy:34)
	at com.kms.katalon.core.mobile.keyword.builtin.VerifyElementTextKeyword.verifyElementText(VerifyElementTextKeyword.groovy:61)
	at com.kms.katalon.core.mobile.keyword.builtin.VerifyElementTextKeyword.execute(VerifyElementTextKeyword.groovy:38)
	at com.kms.katalon.core.keyword.internal.KeywordExecutor.executeKeywordForPlatform(KeywordExecutor.groovy:74)
	at com.kms.katalon.core.mobile.keyword.MobileBuiltInKeywords.verifyElementText(MobileBuiltInKeywords.groovy:2872)
	at Verify the Additional infromation.run(Verify the Additional infromation:34)
	at com.kms.katalon.core.main.ScriptEngine.run(ScriptEngine.java:194)
	at com.kms.katalon.core.main.ScriptEngine.runScriptAsRawText(ScriptEngine.java:119)
	at com.kms.katalon.core.main.TestCaseExecutor.runScript(TestCaseExecutor.java:448)
	at com.kms.katalon.core.main.TestCaseExecutor.doExecute(TestCaseExecutor.java:439)
	at com.kms.katalon.core.main.TestCaseExecutor.processExecutionPhase(TestCaseExecutor.java:418)
	at com.kms.katalon.core.main.TestCaseExecutor.accessMainPhase(TestCaseExecutor.java:410)
	at com.kms.katalon.core.main.TestCaseExecutor.execute(TestCaseExecutor.java:285)
	at com.kms.katalon.core.main.TestCaseExecutor.execute(TestCaseExecutor.java:369)
	at com.kms.katalon.core.main.TestCaseExecutor.execute(TestCaseExecutor.java:369)
	at com.kms.katalon.core.main.TestCaseExecutor.execute(TestCaseExecutor.java:369)
	at com.kms.katalon.core.common.CommonExecutor.accessTestCaseMainPhase(CommonExecutor.java:71)
	at com.kms.katalon.core.main.TestSuiteExecutor.accessTestSuiteMainPhase(TestSuiteExecutor.java:160)
	at com.kms.katalon.core.main.TestSuiteExecutor.execute(TestSuiteExecutor.java:107)
	at com.kms.katalon.core.main.TestCaseMain.startTestSuite(TestCaseMain.java:180)
	at TempTestSuite1738154026286.run(TempTestSuite1738154026286.groovy:35)
	at java.base/jdk.internal.reflect.NativeMethodAccessorImpl.invoke0(Native Method)
	at java.base/jdk.internal.reflect.NativeMethodAccessorImpl.invoke(NativeMethodAccessorImpl.java:77)
	at java.base/jdk.internal.reflect.DelegatingMethodAccessorImpl.invoke(DelegatingMethodAccessorImpl.java:43)
Caused by: com.kms.katalon.core.exception.StepFailedException: Actual text 'Reason for Processing' and expected text '' of test object 'Object Repository/android.view.View - Reason for Processing' are NOT matched.
	at com.kms.katalon.core.mobile.keyword.internal.MobileKeywordMain.stepFailed(MobileKeywordMain.groovy:64)
	at com.kms.katalon.core.mobile.keyword.builtin.VerifyElementTextKeyword$_verifyElementText_closure1.doCall(VerifyElementTextKeyword.groovy:55)
	at com.kms.katalon.core.mobile.keyword.builtin.VerifyElementTextKeyword$_verifyElementText_closure1.call(VerifyElementTextKeyword.groovy)
	at com.kms.katalon.core.mobile.keyword.internal.MobileKeywordMain.runKeyword(MobileKeywordMain.groovy:30)
	... 23 more
)
[[ATTACHMENT|C:\\Users\\neeraj.sharma2\\Katalon Studio\\Mobile\\Reports\\20250129_180346\\Smoke Test Suite For Technossus Mobile App\\20250129_180346\\1738154325586.png]]]]></system-out>
         <system-err><![CDATA[29-01-2025T18:08:03 - [TEST_CASE][FAILED] - Test Cases/Verify the Additional infromation: Test Cases/Verify the Additional infromation FAILED.
Reason:
com.kms.katalon.core.exception.StepFailedException: Verify element text of test object 'Object Repository/android.view.View - Reason for Processing' FAILED.
	at com.kms.katalon.core.mobile.keyword.internal.MobileKeywordMain.stepFailed(MobileKeywordMain.groovy:64)
	at com.kms.katalon.core.mobile.keyword.internal.MobileKeywordMain.runKeyword(MobileKeywordMain.groovy:34)
	at com.kms.katalon.core.mobile.keyword.builtin.VerifyElementTextKeyword.verifyElementText(VerifyElementTextKeyword.groovy:61)
	at com.kms.katalon.core.mobile.keyword.builtin.VerifyElementTextKeyword.execute(VerifyElementTextKeyword.groovy:38)
	at com.kms.katalon.core.keyword.internal.KeywordExecutor.executeKeywordForPlatform(KeywordExecutor.groovy:74)
	at com.kms.katalon.core.mobile.keyword.MobileBuiltInKeywords.verifyElementText(MobileBuiltInKeywords.groovy:2872)
	at Verify the Additional infromation.run(Verify the Additional infromation:34)
	at com.kms.katalon.core.main.ScriptEngine.run(ScriptEngine.java:194)
	at com.kms.katalon.core.main.ScriptEngine.runScriptAsRawText(ScriptEngine.java:119)
	at com.kms.katalon.core.main.TestCaseExecutor.runScript(TestCaseExecutor.java:448)
	at com.kms.katalon.core.main.TestCaseExecutor.doExecute(TestCaseExecutor.java:439)
	at com.kms.katalon.core.main.TestCaseExecutor.processExecutionPhase(TestCaseExecutor.java:418)
	at com.kms.katalon.core.main.TestCaseExecutor.accessMainPhase(TestCaseExecutor.java:410)
	at com.kms.katalon.core.main.TestCaseExecutor.execute(TestCaseExecutor.java:285)
	at com.kms.katalon.core.main.TestCaseExecutor.execute(TestCaseExecutor.java:369)
	at com.kms.katalon.core.main.TestCaseExecutor.execute(TestCaseExecutor.java:369)
	at com.kms.katalon.core.main.TestCaseExecutor.execute(TestCaseExecutor.java:369)
	at com.kms.katalon.core.common.CommonExecutor.accessTestCaseMainPhase(CommonExecutor.java:71)
	at com.kms.katalon.core.main.TestSuiteExecutor.accessTestSuiteMainPhase(TestSuiteExecutor.java:160)
	at com.kms.katalon.core.main.TestSuiteExecutor.execute(TestSuiteExecutor.java:107)
	at com.kms.katalon.core.main.TestCaseMain.startTestSuite(TestCaseMain.java:180)
	at TempTestSuite1738154026286.run(TempTestSuite1738154026286.groovy:35)
	at java.base/jdk.internal.reflect.NativeMethodAccessorImpl.invoke0(Native Method)
	at java.base/jdk.internal.reflect.NativeMethodAccessorImpl.invoke(NativeMethodAccessorImpl.java:77)
	at java.base/jdk.internal.reflect.DelegatingMethodAccessorImpl.invoke(DelegatingMethodAccessorImpl.java:43)
Caused by: com.kms.katalon.core.exception.StepFailedException: Actual text 'Reason for Processing' and expected text '' of test object 'Object Repository/android.view.View - Reason for Processing' are NOT matched.
	at com.kms.katalon.core.mobile.keyword.internal.MobileKeywordMain.stepFailed(MobileKeywordMain.groovy:64)
	at com.kms.katalon.core.mobile.keyword.builtin.VerifyElementTextKeyword$_verifyElementText_closure1.doCall(VerifyElementTextKeyword.groovy:55)
	at com.kms.katalon.core.mobile.keyword.builtin.VerifyElementTextKeyword$_verifyElementText_closure1.call(VerifyElementTextKeyword.groovy)
	at com.kms.katalon.core.mobile.keyword.internal.MobileKeywordMain.runKeyword(MobileKeywordMain.groovy:30)
	... 23 more]]></system-err>
      </testcase>
      <testcase name="Test Cases/Verify navigation to the Facesearch page" time="43.808" classname="Test Cases/Verify navigation to the Facesearch page" status="PASSED">
         <system-out><![CDATA[29-01-2025T18:08:46 - [TEST_CASE][PASSED] - Test Cases/Verify navigation to the Facesearch page: Test Cases/Verify navigation to the Facesearch page

29-01-2025T18:08:46 - [TEST_STEP][PASSED] - startApplication("D:\Downloads\app-debug_v23_NFW.apk", true): Started application: 'D:\Downloads\app-debug_v23_NFW.apk'

29-01-2025T18:08:46 - [MESSAGE][INFO] - Starting application: 'D:\Downloads\app-debug_v23_NFW.apk'

29-01-2025T18:08:58 - [MESSAGE][PASSED] - Started application: 'D:\Downloads\app-debug_v23_NFW.apk'

29-01-2025T18:08:58 - [TEST_STEP][PASSED] - tap(findTestObject("Object Repository/New Folder/android.widget.EditText"), 0): Tapped on element 'Object Repository/New Folder/android.widget.EditText'

29-01-2025T18:08:58 - [MESSAGE][WARNING] - Timeout '0' is invalid. Using default page load timeout: '30'

29-01-2025T18:09:13 - [MESSAGE][PASSED] - Tapped on element 'Object Repository/New Folder/android.widget.EditText'

29-01-2025T18:09:13 - [TEST_STEP][PASSED] - sendKeys(findTestObject("Object Repository/New Folder/android.widget.EditText"), "neeraj.sharma2@technossus.com"): Send keys 'neeraj.sharma2@technossus.com' on test object 'Object Repository/New Folder/android.widget.EditText' successfully.

29-01-2025T18:09:13 - [MESSAGE][PASSED] - Send keys 'neeraj.sharma2@technossus.com' on test object 'Object Repository/New Folder/android.widget.EditText' successfully.

29-01-2025T18:09:13 - [TEST_STEP][PASSED] - tap(findTestObject("Object Repository/New Folder (1)/android.widget.Button - Next"), 0): Tapped on element 'Object Repository/New Folder (1)/android.widget.Button - Next'

29-01-2025T18:09:13 - [MESSAGE][WARNING] - Timeout '0' is invalid. Using default page load timeout: '30'

29-01-2025T18:09:14 - [MESSAGE][PASSED] - Tapped on element 'Object Repository/New Folder (1)/android.widget.Button - Next'

29-01-2025T18:09:14 - [TEST_STEP][PASSED] - sendKeys(findTestObject("Object Repository/New Folder (1)/android.widget.EditText - Password"), "Jaky@1471"): Send keys 'Jaky@1471' on test object 'Object Repository/New Folder (1)/android.widget.EditText - Password' successfully.

29-01-2025T18:09:17 - [MESSAGE][PASSED] - Send keys 'Jaky@1471' on test object 'Object Repository/New Folder (1)/android.widget.EditText - Password' successfully.

29-01-2025T18:09:17 - [TEST_STEP][PASSED] - tap(findTestObject("Object Repository/New Folder (1)/android.widget.Button - Sign in"), 0): Tapped on element 'Object Repository/New Folder (1)/android.widget.Button - Sign in'

29-01-2025T18:09:17 - [MESSAGE][WARNING] - Timeout '0' is invalid. Using default page load timeout: '30'

29-01-2025T18:09:18 - [MESSAGE][PASSED] - Tapped on element 'Object Repository/New Folder (1)/android.widget.Button - Sign in'

29-01-2025T18:09:18 - [TEST_STEP][PASSED] - verifyElementText(findTestObject("Object Repository/android.view.View - Declaration"), "Declaration"): Actual text and expected text of test object 'Object Repository/android.view.View - Declaration' are matched.

29-01-2025T18:09:26 - [MESSAGE][PASSED] - Actual text and expected text of test object 'Object Repository/android.view.View - Declaration' are matched.

29-01-2025T18:09:26 - [TEST_STEP][PASSED] - verifyElementText(findTestObject("Object Repository/android.view.View - Reason for Processing"), "Reason for Processing"): Actual text and expected text of test object 'Object Repository/android.view.View - Reason for Processing' are matched.

29-01-2025T18:09:26 - [MESSAGE][PASSED] - Actual text and expected text of test object 'Object Repository/android.view.View - Reason for Processing' are matched.

29-01-2025T18:09:26 - [TEST_STEP][PASSED] - tap(findTestObject("Object Repository/android.widget.EditText"), 0): Tapped on element 'Object Repository/android.widget.EditText'

29-01-2025T18:09:26 - [MESSAGE][WARNING] - Timeout '0' is invalid. Using default page load timeout: '30'

29-01-2025T18:09:27 - [MESSAGE][PASSED] - Tapped on element 'Object Repository/android.widget.EditText'

29-01-2025T18:09:27 - [TEST_STEP][PASSED] - sendKeys(findTestObject("Object Repository/android.widget.EditText"), "This is Just an Example"): Send keys 'This is Just an Example' on test object 'Object Repository/android.widget.EditText' successfully.

29-01-2025T18:09:28 - [MESSAGE][PASSED] - Send keys 'This is Just an Example' on test object 'Object Repository/android.widget.EditText' successfully.

29-01-2025T18:09:28 - [TEST_STEP][PASSED] - verifyElementVisible(findTestObject("Object Repository/android.widget.Button - Proceed (1)"), 0): Element 'Object Repository/android.widget.Button - Proceed (1)' is visible

29-01-2025T18:09:28 - [MESSAGE][WARNING] - Timeout '0' is invalid. Using default page load timeout: '30'

29-01-2025T18:09:29 - [MESSAGE][PASSED] - Element 'Object Repository/android.widget.Button - Proceed (1)' is visible

29-01-2025T18:09:29 - [TEST_STEP][PASSED] - tap(findTestObject("Object Repository/android.widget.Button - Proceed (1)"), 0): Tapped on element 'Object Repository/android.widget.Button - Proceed (1)'

29-01-2025T18:09:29 - [MESSAGE][WARNING] - Timeout '0' is invalid. Using default page load timeout: '30'

29-01-2025T18:09:30 - [MESSAGE][PASSED] - Tapped on element 'Object Repository/android.widget.Button - Proceed (1)']]></system-out>
         <system-err><![CDATA[]]></system-err>
      </testcase>
      <system-out><![CDATA[29-01-2025T18:04:06 - [TEST_SUITE][FAILED] - Smoke Test Suite For Technossus Mobile App: Test Cases/Verify the Additional infromation FAILED.
Reason:
com.kms.katalon.core.exception.StepFailedException: Verify element text of test object 'Object Repository/android.view.View - Reason for Processing' FAILED.
	at com.kms.katalon.core.mobile.keyword.internal.MobileKeywordMain.stepFailed(MobileKeywordMain.groovy:64)
	at com.kms.katalon.core.mobile.keyword.internal.MobileKeywordMain.runKeyword(MobileKeywordMain.groovy:34)
	at com.kms.katalon.core.mobile.keyword.builtin.VerifyElementTextKeyword.verifyElementText(VerifyElementTextKeyword.groovy:61)
	at com.kms.katalon.core.mobile.keyword.builtin.VerifyElementTextKeyword.execute(VerifyElementTextKeyword.groovy:38)
	at com.kms.katalon.core.keyword.internal.KeywordExecutor.executeKeywordForPlatform(KeywordExecutor.groovy:74)
	at com.kms.katalon.core.mobile.keyword.MobileBuiltInKeywords.verifyElementText(MobileBuiltInKeywords.groovy:2872)
	at Verify the Additional infromation.run(Verify the Additional infromation:34)
	at com.kms.katalon.core.main.ScriptEngine.run(ScriptEngine.java:194)
	at com.kms.katalon.core.main.ScriptEngine.runScriptAsRawText(ScriptEngine.java:119)
	at com.kms.katalon.core.main.TestCaseExecutor.runScript(TestCaseExecutor.java:448)
	at com.kms.katalon.core.main.TestCaseExecutor.doExecute(TestCaseExecutor.java:439)
	at com.kms.katalon.core.main.TestCaseExecutor.processExecutionPhase(TestCaseExecutor.java:418)
	at com.kms.katalon.core.main.TestCaseExecutor.accessMainPhase(TestCaseExecutor.java:410)
	at com.kms.katalon.core.main.TestCaseExecutor.execute(TestCaseExecutor.java:285)
	at com.kms.katalon.core.common.CommonExecutor.accessTestCaseMainPhase(CommonExecutor.java:71)
	at com.kms.katalon.core.main.TestSuiteExecutor.accessTestSuiteMainPhase(TestSuiteExecutor.java:160)
	at com.kms.katalon.core.main.TestSuiteExecutor.execute(TestSuiteExecutor.java:107)
	at com.kms.katalon.core.main.TestCaseMain.startTestSuite(TestCaseMain.java:180)
	at TempTestSuite1738154026286.run(TempTestSuite1738154026286.groovy:35)
	at java.base/jdk.internal.reflect.NativeMethodAccessorImpl.invoke0(Native Method)
	at java.base/jdk.internal.reflect.NativeMethodAccessorImpl.invoke(NativeMethodAccessorImpl.java:77)
	at java.base/jdk.internal.reflect.DelegatingMethodAccessorImpl.invoke(DelegatingMethodAccessorImpl.java:43)
Caused by: com.kms.katalon.core.exception.StepFailedException: Actual text 'Reason for Processing' and expected text '' of test object 'Object Repository/android.view.View - Reason for Processing' are NOT matched.
	at com.kms.katalon.core.mobile.keyword.internal.MobileKeywordMain.stepFailed(MobileKeywordMain.groovy:64)
	at com.kms.katalon.core.mobile.keyword.builtin.VerifyElementTextKeyword$_verifyElementText_closure1.doCall(VerifyElementTextKeyword.groovy:55)
	at com.kms.katalon.core.mobile.keyword.builtin.VerifyElementTextKeyword$_verifyElementText_closure1.call(VerifyElementTextKeyword.groovy)
	at com.kms.katalon.core.mobile.keyword.internal.MobileKeywordMain.runKeyword(MobileKeywordMain.groovy:30)
	... 20 more]]></system-out>
      <system-err><![CDATA[29-01-2025T18:04:06 - [TEST_SUITE][FAILED] - Smoke Test Suite For Technossus Mobile App: Test Cases/Verify the Additional infromation FAILED.
Reason:
com.kms.katalon.core.exception.StepFailedException: Verify element text of test object 'Object Repository/android.view.View - Reason for Processing' FAILED.
	at com.kms.katalon.core.mobile.keyword.internal.MobileKeywordMain.stepFailed(MobileKeywordMain.groovy:64)
	at com.kms.katalon.core.mobile.keyword.internal.MobileKeywordMain.runKeyword(MobileKeywordMain.groovy:34)
	at com.kms.katalon.core.mobile.keyword.builtin.VerifyElementTextKeyword.verifyElementText(VerifyElementTextKeyword.groovy:61)
	at com.kms.katalon.core.mobile.keyword.builtin.VerifyElementTextKeyword.execute(VerifyElementTextKeyword.groovy:38)
	at com.kms.katalon.core.keyword.internal.KeywordExecutor.executeKeywordForPlatform(KeywordExecutor.groovy:74)
	at com.kms.katalon.core.mobile.keyword.MobileBuiltInKeywords.verifyElementText(MobileBuiltInKeywords.groovy:2872)
	at Verify the Additional infromation.run(Verify the Additional infromation:34)
	at com.kms.katalon.core.main.ScriptEngine.run(ScriptEngine.java:194)
	at com.kms.katalon.core.main.ScriptEngine.runScriptAsRawText(ScriptEngine.java:119)
	at com.kms.katalon.core.main.TestCaseExecutor.runScript(TestCaseExecutor.java:448)
	at com.kms.katalon.core.main.TestCaseExecutor.doExecute(TestCaseExecutor.java:439)
	at com.kms.katalon.core.main.TestCaseExecutor.processExecutionPhase(TestCaseExecutor.java:418)
	at com.kms.katalon.core.main.TestCaseExecutor.accessMainPhase(TestCaseExecutor.java:410)
	at com.kms.katalon.core.main.TestCaseExecutor.execute(TestCaseExecutor.java:285)
	at com.kms.katalon.core.common.CommonExecutor.accessTestCaseMainPhase(CommonExecutor.java:71)
	at com.kms.katalon.core.main.TestSuiteExecutor.accessTestSuiteMainPhase(TestSuiteExecutor.java:160)
	at com.kms.katalon.core.main.TestSuiteExecutor.execute(TestSuiteExecutor.java:107)
	at com.kms.katalon.core.main.TestCaseMain.startTestSuite(TestCaseMain.java:180)
	at TempTestSuite1738154026286.run(TempTestSuite1738154026286.groovy:35)
	at java.base/jdk.internal.reflect.NativeMethodAccessorImpl.invoke0(Native Method)
	at java.base/jdk.internal.reflect.NativeMethodAccessorImpl.invoke(NativeMethodAccessorImpl.java:77)
	at java.base/jdk.internal.reflect.DelegatingMethodAccessorImpl.invoke(DelegatingMethodAccessorImpl.java:43)
Caused by: com.kms.katalon.core.exception.StepFailedException: Actual text 'Reason for Processing' and expected text '' of test object 'Object Repository/android.view.View - Reason for Processing' are NOT matched.
	at com.kms.katalon.core.mobile.keyword.internal.MobileKeywordMain.stepFailed(MobileKeywordMain.groovy:64)
	at com.kms.katalon.core.mobile.keyword.builtin.VerifyElementTextKeyword$_verifyElementText_closure1.doCall(VerifyElementTextKeyword.groovy:55)
	at com.kms.katalon.core.mobile.keyword.builtin.VerifyElementTextKeyword$_verifyElementText_closure1.call(VerifyElementTextKeyword.groovy)
	at com.kms.katalon.core.mobile.keyword.internal.MobileKeywordMain.runKeyword(MobileKeywordMain.groovy:30)
	... 20 more]]></system-err>
   </testsuite>
</testsuites>
